Mon Apr 16 2018 16:58:27 GMT-0400 (Eastern Daylight Time): GET, /
Mon Apr 16 2018 16:58:43 GMT-0400 (Eastern Daylight Time): GET, /
Mon Apr 16 2018 16:58:45 GMT-0400 (Eastern Daylight Time): GET, /
Mon Apr 16 2018 16:58:57 GMT-0400 (Eastern Daylight Time): GET, /
Mon Apr 16 2018 17:05:42 GMT-0400 (Eastern Daylight Time): GET, /fija
Mon Apr 16 2018 17:05:45 GMT-0400 (Eastern Daylight Time): GET, /
Mon Apr 16 2018 17:05:47 GMT-0400 (Eastern Daylight Time): GET, /
Mon Apr 16 2018 17:05:55 GMT-0400 (Eastern Daylight Time): GET, /
Mon Apr 16 2018 17:13:45 GMT-0400 (Eastern Daylight Time): GET, /
Mon Apr 16 2018 17:18:42 GMT-0400 (Eastern Daylight Time): GET, /
Mon Apr 16 2018 17:18:44 GMT-0400 (Eastern Daylight Time): GET, /about
Mon Apr 16 2018 17:20:26 GMT-0400 (Eastern Daylight Time): GET, /about
Mon Apr 16 2018 17:21:41 GMT-0400 (Eastern Daylight Time): GET, /about
Mon Apr 16 2018 17:22:24 GMT-0400 (Eastern Daylight Time): GET, /about
Mon Apr 16 2018 17:22:29 GMT-0400 (Eastern Daylight Time): GET, /about
Mon Apr 16 2018 17:22:30 GMT-0400 (Eastern Daylight Time): GET, /
Mon Apr 16 2018 17:22:32 GMT-0400 (Eastern Daylight Time): GET, /links
Mon Apr 16 2018 17:23:11 GMT-0400 (Eastern Daylight Time): GET, /links
Mon Apr 16 2018 17:23:32 GMT-0400 (Eastern Daylight Time): GET, /links
Mon Apr 16 2018 17:31:02 GMT-0400 (Eastern Daylight Time): GET, /links
Mon Apr 16 2018 17:31:13 GMT-0400 (Eastern Daylight Time): GET, /links
Mon Apr 16 2018 17:32:58 GMT-0400 (Eastern Daylight Time): GET, /links
Mon Apr 16 2018 17:33:50 GMT-0400 (Eastern Daylight Time): GET, /links
Mon Apr 16 2018 17:34:20 GMT-0400 (Eastern Daylight Time): GET, /links
Mon Apr 16 2018 17:34:35 GMT-0400 (Eastern Daylight Time): GET, /code
Mon Apr 16 2018 17:36:11 GMT-0400 (Eastern Daylight Time): GET, /links
Mon Apr 16 2018 17:36:48 GMT-0400 (Eastern Daylight Time): GET, /links
Mon Apr 16 2018 17:37:16 GMT-0400 (Eastern Daylight Time): GET, /links
Mon Apr 16 2018 17:39:16 GMT-0400 (Eastern Daylight Time): GET, /links
Mon Apr 16 2018 17:39:40 GMT-0400 (Eastern Daylight Time): GET, /links
Mon Apr 16 2018 17:40:10 GMT-0400 (Eastern Daylight Time): GET, /links
Mon Apr 16 2018 17:40:14 GMT-0400 (Eastern Daylight Time): GET, /
Mon Apr 16 2018 17:40:21 GMT-0400 (Eastern Daylight Time): GET, /links
Tue Apr 17 2018 18:29:04 GMT-0400 (Eastern Daylight Time): GET, /links?
Tue Apr 17 2018 18:29:04 GMT-0400 (Eastern Daylight Time): GET, /
Tue Apr 17 2018 18:29:19 GMT-0400 (Eastern Daylight Time): GET, /about
Tue Apr 17 2018 18:29:24 GMT-0400 (Eastern Daylight Time): GET, /
Tue Apr 17 2018 18:34:46 GMT-0400 (Eastern Daylight Time): GET, /about
Tue Apr 17 2018 18:34:51 GMT-0400 (Eastern Daylight Time): GET, /
Tue Apr 17 2018 18:34:53 GMT-0400 (Eastern Daylight Time): GET, /about
Tue Apr 17 2018 18:34:56 GMT-0400 (Eastern Daylight Time): GET, /
Tue Apr 17 2018 18:34:59 GMT-0400 (Eastern Daylight Time): GET, /links
Tue Apr 17 2018 18:35:02 GMT-0400 (Eastern Daylight Time): GET, /
Tue Apr 17 2018 18:35:04 GMT-0400 (Eastern Daylight Time): GET, /links
Tue Apr 17 2018 18:35:06 GMT-0400 (Eastern Daylight Time): GET, /
Tue Apr 17 2018 18:35:09 GMT-0400 (Eastern Daylight Time): GET, /
Tue Apr 17 2018 18:35:10 GMT-0400 (Eastern Daylight Time): GET, /
Tue Apr 17 2018 18:45:56 GMT-0400 (Eastern Daylight Time): GET, /
